<?xml version="1.0" encoding="UTF-8"?>
<testng-results ignored="0" total="1" passed="1" failed="0" skipped="0">
  <reporter-output>
  </reporter-output>
  <suite started-at="2022-09-14T23:10:46 IST" name="SuiteNewProject" finished-at="2022-09-14T23:10:54 IST" duration-ms="8499">
    <groups>
    </groups>
    <test started-at="2022-09-14T23:10:46 IST" name="TestNewProject" finished-at="2022-09-14T23:10:54 IST" duration-ms="8499">
      <class name="com.testClasses.LoginPageTest">
        <test-method is-config="true" signature="UrlSetup()[pri:0, instance:com.testClasses.LoginPageTest@4d18aa28]" started-at="2022-09-14T23:10:46 IST" name="UrlSetup" finished-at="2022-09-14T23:10:48 IST" duration-ms="2471" status="PASS">
          <reporter-output>
          </reporter-output>
        </test-method> <!-- UrlSetup -->
        <test-method is-config="true" signature="OpenUrl()[pri:0, instance:com.testClasses.LoginPageTest@4d18aa28]" started-at="2022-09-14T23:10:48 IST" name="OpenUrl" finished-at="2022-09-14T23:10:52 IST" duration-ms="3727" status="PASS">
          <reporter-output>
          </reporter-output>
        </test-method> <!-- OpenUrl -->
        <test-method signature="LoginTest()[pri:0, instance:com.testClasses.LoginPageTest@4d18aa28]" started-at="2022-09-14T23:10:52 IST" name="LoginTest" finished-at="2022-09-14T23:10:54 IST" duration-ms="1955" status="PASS">
          <reporter-output>
          </reporter-output>
        </test-method> <!-- LoginTest -->
        <test-method is-config="true" signature="GarbageClean()[pri:0, instance:com.testClasses.LoginPageTest@4d18aa28]" started-at="2022-09-14T23:10:54 IST" name="GarbageClean" finished-at="2022-09-14T23:10:54 IST" duration-ms="294" status="PASS">
          <reporter-output>
          </reporter-output>
        </test-method> <!-- GarbageClean -->
        <test-method is-config="true" signature="CloseUrl()[pri:0, instance:com.testClasses.LoginPageTest@4d18aa28]" started-at="2022-09-14T23:10:54 IST" name="CloseUrl" finished-at="2022-09-14T23:10:54 IST" duration-ms="0" status="PASS">
          <reporter-output>
          </reporter-output>
        </test-method> <!-- CloseUrl -->
      </class> <!-- com.testClasses.LoginPageTest -->
    </test> <!-- TestNewProject -->
  </suite> <!-- SuiteNewProject -->
</testng-results>
