<?xml version="1.0" encoding="UTF-8"?>
<testng-results ignored="0" total="2" passed="2" failed="0" skipped="0">
  <reporter-output>
  </reporter-output>
  <suite started-at="2022-09-16T19:50:15 IST" name="Default suite" finished-at="2022-09-16T19:50:25 IST" duration-ms="10390">
    <groups>
    </groups>
    <test started-at="2022-09-16T19:50:15 IST" name="Default test" finished-at="2022-09-16T19:50:25 IST" duration-ms="10390">
      <class name="com.testClasses.LoginPageTest">
        <test-method is-config="true" signature="UrlSetup()[pri:0, instance:com.testClasses.LoginPageTest@2bd2b28e]" started-at="2022-09-16T19:50:15 IST" name="UrlSetup" finished-at="2022-09-16T19:50:17 IST" duration-ms="2223" status="PASS">
          <reporter-output>
          </reporter-output>
        </test-method> <!-- UrlSetup -->
        <test-method is-config="true" signature="OpenUrl()[pri:0, instance:com.testClasses.LoginPageTest@2bd2b28e]" started-at="2022-09-16T19:50:17 IST" name="OpenUrl" finished-at="2022-09-16T19:50:20 IST" duration-ms="2797" status="PASS">
          <reporter-output>
          </reporter-output>
        </test-method> <!-- OpenUrl -->
        <test-method signature="LoginTest()[pri:0, instance:com.testClasses.LoginPageTest@2bd2b28e]" started-at="2022-09-16T19:50:20 IST" name="LoginTest" finished-at="2022-09-16T19:50:22 IST" duration-ms="2083" status="PASS">
          <reporter-output>
          </reporter-output>
        </test-method> <!-- LoginTest -->
        <test-method is-config="true" signature="GarbageClean()[pri:0, instance:com.testClasses.LoginPageTest@2bd2b28e]" started-at="2022-09-16T19:50:22 IST" name="GarbageClean" finished-at="2022-09-16T19:50:22 IST" duration-ms="243" status="PASS">
          <reporter-output>
          </reporter-output>
        </test-method> <!-- GarbageClean -->
        <test-method is-config="true" signature="OpenUrl()[pri:0, instance:com.testClasses.LoginPageTest@2bd2b28e]" started-at="2022-09-16T19:50:22 IST" name="OpenUrl" finished-at="2022-09-16T19:50:23 IST" duration-ms="825" status="PASS">
          <reporter-output>
          </reporter-output>
        </test-method> <!-- OpenUrl -->
        <test-method signature="PageAlign()[pri:0, instance:com.testClasses.LoginPageTest@2bd2b28e]" started-at="2022-09-16T19:50:23 IST" name="PageAlign" finished-at="2022-09-16T19:50:25 IST" duration-ms="2132" status="PASS">
          <reporter-output>
          </reporter-output>
        </test-method> <!-- PageAlign -->
        <test-method is-config="true" signature="GarbageClean()[pri:0, instance:com.testClasses.LoginPageTest@2bd2b28e]" started-at="2022-09-16T19:50:25 IST" name="GarbageClean" finished-at="2022-09-16T19:50:25 IST" duration-ms="35" status="PASS">
          <reporter-output>
          </reporter-output>
        </test-method> <!-- GarbageClean -->
        <test-method is-config="true" signature="CloseUrl()[pri:0, instance:com.testClasses.LoginPageTest@2bd2b28e]" started-at="2022-09-16T19:50:25 IST" name="CloseUrl" finished-at="2022-09-16T19:50:25 IST" duration-ms="1" status="PASS">
          <reporter-output>
          </reporter-output>
        </test-method> <!-- CloseUrl -->
      </class> <!-- com.testClasses.LoginPageTest -->
    </test> <!-- Default test -->
  </suite> <!-- Default suite -->
</testng-results>
